<?xml version="1.0" encoding="UTF-8"?>
<testsuite name="MainKtTest" tests="1" skipped="0" failures="0" errors="0" timestamp="2021-05-19T09:13:53" hostname="MANNELIGPC" time="0.03">
  <properties/>
  <testcase name="whichCard" classname="MainKtTest" time="0.03"/>
  <system-out><![CDATA[]]></system-out>
  <system-err><![CDATA[]]></system-err>
</testsuite>
