<?xml version="1.0" encoding="UTF-8"?>
<testsuite name="MainKtTest" tests="1" skipped="0" failures="0" errors="0" timestamp="2021-05-19T09:55:46" hostname="MANNELIGPC" time="0.009">
  <properties/>
  <testcase name="visaAndMir_Visa" classname="MainKtTest" time="0.009"/>
  <system-out><![CDATA[]]></system-out>
  <system-err><![CDATA[]]></system-err>
</testsuite>
